<?xml version="1.0" encoding="UTF-8"?>
<!-- Generated by org.testng.reporters.JUnitXMLReporter -->
<testsuite hostname="CBT-084" name="Surefire test" tests="1" failures="0" timestamp="28 Nov 2016 13:16:10 GMT" time="0.035" errors="0">
  <testcase name="@BeforeTest setCapability" time="0.0" classname="com.shopclues.scripts.PlaceOrderTest">
    <failure type="org.testng.TestNGException" message="
Parameter &amp;apos;deviceName&amp;apos; is required by @Configuration on method setCapability but has not been marked @Optional or defined
">
      <![CDATA[org.testng.TestNGException: 
Parameter 'deviceName' is required by @Configuration on method setCapability but has not been marked @Optional or defined

	at org.apache.maven.surefire.testng.TestNGExecutor.run(TestNGExecutor.java:132)
	at org.apache.maven.surefire.testng.TestNGDirectoryTestSuite.executeSingleClass(TestNGDirectoryTestSuite.java:134)
	at org.apache.maven.surefire.testng.TestNGDirectoryTestSuite.execute(TestNGDirectoryTestSuite.java:118)
	at org.apache.maven.surefire.testng.TestNGProvider.invoke(TestNGProvider.java:146)
	at org.apache.maven.surefire.booter.ForkedBooter.invokeProviderInSameClassLoader(ForkedBooter.java:286)
	at org.apache.maven.surefire.booter.ForkedBooter.runSuitesInProcess(ForkedBooter.java:240)
	at org.apache.maven.surefire.booter.ForkedBooter.main(ForkedBooter.java:121)
... Removed 16 stack frames]]>
    </failure>
  </testcase> <!-- @BeforeTest setCapability -->
  <testcase name="@AfterTest tearDown" time="0.0" classname="com.shopclues.scripts.PlaceOrderTest">
    <skipped/>
  </testcase> <!-- @AfterTest tearDown -->
  <testcase name="findMeAShoe" time="0.001" classname="com.shopclues.scripts.PlaceOrderTest">
    <skipped/>
  </testcase> <!-- findMeAShoe -->
</testsuite> <!-- Surefire test -->
