<?xml version="1.0" encoding="UTF-8"?>
<!-- Generated by org.testng.reporters.JUnitXMLReporter -->
<testsuite hostname="CBT-084" name="PlaceOrderTest_2" tests="1" failures="1" timestamp="7 Feb 2017 10:55:33 GMT" time="81.262" errors="0">
  <testcase name="findMeAShoe" time="69.952" classname="com.shopclues.scripts.PlaceOrderTest">
    <failure type="org.openqa.selenium.NoSuchElementException" message="An element could not be located on the page using the given search parameters. (WARNING: The server did not provide any stacktrace information)
Command duration or timeout: 60.41 seconds
For documentation on this error, please visit: http://seleniumhq.org/exceptions/no_such_element.html
Build info: version: &amp;apos;2.53.0&amp;apos;, revision: &amp;apos;35ae25b1534ae328c771e0856c93e187490ca824&amp;apos;, time: &amp;apos;2016-03-15 10:43:46&amp;apos;
System info: host: &amp;apos;CBT-084&amp;apos;, ip: &amp;apos;10.10.12.124&amp;apos;, os.name: &amp;apos;Windows 8.1&amp;apos;, os.arch: &amp;apos;amd64&amp;apos;, os.version: &amp;apos;6.3&amp;apos;, java.version: &amp;apos;1.8.0_73&amp;apos;
Driver info: io.appium.java_client.android.AndroidDriver
Capabilities [{deviceType=phone, app=E:\CBT_Automation\Appium_Workspace\ShopcluesParallelLocal\Shopclues.apk, appPackage=com.shopclues, networkConnectionEnabled=true, noReset=true, warnings={}, appiumVersion=1.5.3, appWaitPackage=com.shopclues, appWaitActivity=com.shopclues.SplashActivity, databaseEnabled=false, deviceName=1837ec59, platform=LINUX, deviceUDID=1837ec59, appActivity=com.shopclues.SplashActivity, desired={deviceType=phone, app=E:\CBT_Automation\Appium_Workspace\ShopcluesParallelLocal\Shopclues.apk, noReset=true, newCommandTimeout=75, platformVersion=4.4, appiumVersion=1.5.3, name=Shopclues Parallel Test Run on Local machine., deviceOrientation=portrait, platformName=Android, deviceName=1837ec59}, newCommandTimeout=75, platformVersion=4.4.4, webStorageEnabled=false, locationContextEnabled=false, name=Shopclues Parallel Test Run on Local machine., takesScreenshot=true, javascriptEnabled=true, deviceOrientation=portrait, platformName=Android}]
Session ID: 177048c5-60ed-41d3-b428-58218eed4853
*** Element info: {Using=xpath, value=//android.widget.TextView[contains(@text,&amp;apos;Footwear&amp;apos;)]}">
      <![CDATA[org.openqa.selenium.NoSuchElementException: An element could not be located on the page using the given search parameters. (WARNING: The server did not provide any stacktrace information)
Command duration or timeout: 60.41 seconds
For documentation on this error, please visit: http://seleniumhq.org/exceptions/no_such_element.html
Build info: version: '2.53.0', revision: '35ae25b1534ae328c771e0856c93e187490ca824', time: '2016-03-15 10:43:46'
System info: host: 'CBT-084', ip: '10.10.12.124', os.name: 'Windows 8.1', os.arch: 'amd64', os.version: '6.3', java.version: '1.8.0_73'
Driver info: io.appium.java_client.android.AndroidDriver
Capabilities [{deviceType=phone, app=E:\CBT_Automation\Appium_Workspace\ShopcluesParallelLocal\Shopclues.apk, appPackage=com.shopclues, networkConnectionEnabled=true, noReset=true, warnings={}, appiumVersion=1.5.3, appWaitPackage=com.shopclues, appWaitActivity=com.shopclues.SplashActivity, databaseEnabled=false, deviceName=1837ec59, platform=LINUX, deviceUDID=1837ec59, appActivity=com.shopclues.SplashActivity, desired={deviceType=phone, app=E:\CBT_Automation\Appium_Workspace\ShopcluesParallelLocal\Shopclues.apk, noReset=true, newCommandTimeout=75, platformVersion=4.4, appiumVersion=1.5.3, name=Shopclues Parallel Test Run on Local machine., deviceOrientation=portrait, platformName=Android, deviceName=1837ec59}, newCommandTimeout=75, platformVersion=4.4.4, webStorageEnabled=false, locationContextEnabled=false, name=Shopclues Parallel Test Run on Local machine., takesScreenshot=true, javascriptEnabled=true, deviceOrientation=portrait, platformName=Android}]
Session ID: 177048c5-60ed-41d3-b428-58218eed4853
*** Element info: {Using=xpath, value=//android.widget.TextView[contains(@text,'Footwear')]}
	at org.openqa.selenium.remote.ErrorHandler.createThrowable(ErrorHandler.java:206)
	at org.openqa.selenium.remote.ErrorHandler.throwIfResponseFailed(ErrorHandler.java:158)
	at org.openqa.selenium.remote.RemoteWebDriver.execute(RemoteWebDriver.java:678)
	at io.appium.java_client.DefaultGenericMobileDriver.execute(DefaultGenericMobileDriver.java:42)
	at io.appium.java_client.AppiumDriver.execute(AppiumDriver.java:1)
	at io.appium.java_client.android.AndroidDriver.execute(AndroidDriver.java:1)
	at org.openqa.selenium.remote.RemoteWebDriver.findElement(RemoteWebDriver.java:363)
	at org.openqa.selenium.remote.RemoteWebDriver.findElementByXPath(RemoteWebDriver.java:500)
	at io.appium.java_client.DefaultGenericMobileDriver.findElementByXPath(DefaultGenericMobileDriver.java:132)
	at io.appium.java_client.AppiumDriver.findElementByXPath(AppiumDriver.java:1)
	at io.appium.java_client.android.AndroidDriver.findElementByXPath(AndroidDriver.java:1)
	at org.openqa.selenium.By$ByXPath.findElement(By.java:361)
	at org.openqa.selenium.remote.RemoteWebDriver.findElement(RemoteWebDriver.java:355)
	at io.appium.java_client.DefaultGenericMobileDriver.findElement(DefaultGenericMobileDriver.java:52)
	at io.appium.java_client.AppiumDriver.findElement(AppiumDriver.java:1)
	at io.appium.java_client.android.AndroidDriver.findElement(AndroidDriver.java:1)
	at org.openqa.selenium.support.pagefactory.DefaultElementLocator.findElement(DefaultElementLocator.java:69)
	at org.openqa.selenium.support.pagefactory.internal.LocatingElementHandler.invoke(LocatingElementHandler.java:38)
	at com.sun.proxy.$Proxy12.click(Unknown Source)
	at com.shopclues.scripts.PlaceOrderTest.findMeAShoe(PlaceOrderTest.java:130)
... Removed 28 stack frames]]>
    </failure>
  </testcase> <!-- findMeAShoe -->
</testsuite> <!-- PlaceOrderTest_2 -->
