<?xml version="1.0" encoding="UTF-8"?>
<!-- Generated by org.testng.reporters.JUnitXMLReporter -->
<testsuite hostname="CBT-Project1" name="PlaceOrderTest" tests="3" failures="1" timestamp="25 Aug 2016 13:03:48 GMT" time="487.039" errors="0">
  <testcase name="testAddProducttoCart" time="119.799" classname="com.shopclues.scripts.PlaceOrderTest">
    <failure type="org.openqa.selenium.NoSuchElementException" message="An element could not be located on the page using the given search parameters. (WARNING: The server did not provide any stacktrace information)
Command duration or timeout: 80.52 seconds
For documentation on this error, please visit: http://seleniumhq.org/exceptions/no_such_element.html
Build info: version: &amp;apos;2.53.0&amp;apos;, revision: &amp;apos;35ae25b1534ae328c771e0856c93e187490ca824&amp;apos;, time: &amp;apos;2016-03-15 10:43:46&amp;apos;
System info: host: &amp;apos;CBT-Project1&amp;apos;, ip: &amp;apos;10.10.10.198&amp;apos;, os.name: &amp;apos;Windows 8.1&amp;apos;, os.arch: &amp;apos;amd64&amp;apos;, os.version: &amp;apos;6.3&amp;apos;, java.version: &amp;apos;1.8.0_73&amp;apos;
Driver info: io.appium.java_client.android.AndroidDriver
Capabilities [{appPackage=com.shopclues, noReset=true, webdriver.remote.quietExceptions=true, deviceName=emulator-5554, platform=LINUX, deviceUDID=emulator-5554, desired={app=/tmp/tmpMy_9ap/Shopclues.apk, proxy={proxyAutoconfigUrl=http://127.0.0.1:19876/pac.js, proxyType=PAC}, orientation=PORTRAIT, noReset=true, newCommandTimeout=0, platformVersion=5.1, webdriver.remote.quietExceptions=true, udid=emulator-5554, platformName=Android, deviceName=Android Emulator}, newCommandTimeout=0, platformVersion=5.1, webStorageEnabled=false, takesScreenshot=true, javascriptEnabled=true, platformName=Android, udid=emulator-5554, app=/tmp/tmpMy_9ap/Shopclues.apk, orientation=PORTRAIT, networkConnectionEnabled=true, warnings={}, appWaitPackage=com.shopclues, appWaitActivity=com.shopclues.SplashActivity, hasMetadata=true, databaseEnabled=false, appActivity=com.shopclues.SplashActivity, proxy={proxyAutoconfigUrl=http://127.0.0.1:19876/pac.js, proxyType=PAC}, webdriver.remote.sessionid=68d532365a2642c5a1b5b4fbfc1ed125, locationContextEnabled=false}]
Session ID: 68d532365a2642c5a1b5b4fbfc1ed125
*** Element info: {Using=id, value=com.shopclues:id/add_to_cart}">
      <![CDATA[org.openqa.selenium.NoSuchElementException: An element could not be located on the page using the given search parameters. (WARNING: The server did not provide any stacktrace information)
Command duration or timeout: 80.52 seconds
For documentation on this error, please visit: http://seleniumhq.org/exceptions/no_such_element.html
Build info: version: '2.53.0', revision: '35ae25b1534ae328c771e0856c93e187490ca824', time: '2016-03-15 10:43:46'
System info: host: 'CBT-Project1', ip: '10.10.10.198', os.name: 'Windows 8.1', os.arch: 'amd64', os.version: '6.3', java.version: '1.8.0_73'
Driver info: io.appium.java_client.android.AndroidDriver
Capabilities [{appPackage=com.shopclues, noReset=true, webdriver.remote.quietExceptions=true, deviceName=emulator-5554, platform=LINUX, deviceUDID=emulator-5554, desired={app=/tmp/tmpMy_9ap/Shopclues.apk, proxy={proxyAutoconfigUrl=http://127.0.0.1:19876/pac.js, proxyType=PAC}, orientation=PORTRAIT, noReset=true, newCommandTimeout=0, platformVersion=5.1, webdriver.remote.quietExceptions=true, udid=emulator-5554, platformName=Android, deviceName=Android Emulator}, newCommandTimeout=0, platformVersion=5.1, webStorageEnabled=false, takesScreenshot=true, javascriptEnabled=true, platformName=Android, udid=emulator-5554, app=/tmp/tmpMy_9ap/Shopclues.apk, orientation=PORTRAIT, networkConnectionEnabled=true, warnings={}, appWaitPackage=com.shopclues, appWaitActivity=com.shopclues.SplashActivity, hasMetadata=true, databaseEnabled=false, appActivity=com.shopclues.SplashActivity, proxy={proxyAutoconfigUrl=http://127.0.0.1:19876/pac.js, proxyType=PAC}, webdriver.remote.sessionid=68d532365a2642c5a1b5b4fbfc1ed125, locationContextEnabled=false}]
Session ID: 68d532365a2642c5a1b5b4fbfc1ed125
*** Element info: {Using=id, value=com.shopclues:id/add_to_cart}
	at org.openqa.selenium.remote.ErrorHandler.createThrowable(ErrorHandler.java:206)
	at org.openqa.selenium.remote.ErrorHandler.throwIfResponseFailed(ErrorHandler.java:158)
	at org.openqa.selenium.remote.RemoteWebDriver.execute(RemoteWebDriver.java:678)
	at io.appium.java_client.DefaultGenericMobileDriver.execute(DefaultGenericMobileDriver.java:27)
	at io.appium.java_client.AppiumDriver.execute(AppiumDriver.java:1)
	at io.appium.java_client.android.AndroidDriver.execute(AndroidDriver.java:1)
	at org.openqa.selenium.remote.RemoteWebDriver.findElement(RemoteWebDriver.java:363)
	at org.openqa.selenium.remote.RemoteWebDriver.findElementById(RemoteWebDriver.java:413)
	at io.appium.java_client.DefaultGenericMobileDriver.findElementById(DefaultGenericMobileDriver.java:47)
	at io.appium.java_client.AppiumDriver.findElementById(AppiumDriver.java:1)
	at io.appium.java_client.android.AndroidDriver.findElementById(AndroidDriver.java:1)
	at org.openqa.selenium.By$ById.findElement(By.java:218)
	at org.openqa.selenium.remote.RemoteWebDriver.findElement(RemoteWebDriver.java:355)
	at io.appium.java_client.DefaultGenericMobileDriver.findElement(DefaultGenericMobileDriver.java:37)
	at io.appium.java_client.AppiumDriver.findElement(AppiumDriver.java:1)
	at io.appium.java_client.android.AndroidDriver.findElement(AndroidDriver.java:1)
	at org.openqa.selenium.support.pagefactory.DefaultElementLocator.findElement(DefaultElementLocator.java:69)
	at org.openqa.selenium.support.pagefactory.internal.LocatingElementHandler.invoke(LocatingElementHandler.java:38)
	at com.sun.proxy.$Proxy11.click(Unknown Source)
	at com.shopclues.scripts.PlaceOrderTest.testAddProducttoCart(PlaceOrderTest.java:41)
... Removed 28 stack frames]]>
    </failure>
  </testcase> <!-- testAddProducttoCart -->
  <testcase name="testSearchResult" time="111.442" classname="com.shopclues.scripts.PlaceOrderTest"/>
  <testcase name="testFilteredProdectList" time="135.628" classname="com.shopclues.scripts.PlaceOrderTest"/>
</testsuite> <!-- PlaceOrderTest -->
